Log file open, 12/03/14 01:01:42
LogInit:Display: Running engine for game: AnotherGit
LogInit: Version: 4.4.3-2296771+++depot+UE4-Releases+4.4
LogInit: API Version: 2255576
LogInit: Compiled (64-bit): Sep 13 2014 22:30:58
LogInit: Build Configuration: Development
LogInit: Branch Name: ++depot+UE4-Releases+4.4
LogInit: Command line:  
LogInit: Base directory: C:/Program Files/Unreal Engine/4.4/Engine/Binaries/Win64/
LogInit: Rocket: 1
[2014.12.03-09.01.42:585][  0]LogTaskGraph: Started task graph with 3 named threads and 4 total threads.
[2014.12.03-09.01.42:620][  0]LogOnline:Warning: No default platform service specified for OnlineSubsystem
[2014.12.03-09.01.42:634][  0]LogInit: Presizing for 0 objects not considered by GC, pre-allocating 0 bytes.
[2014.12.03-09.01.42:641][  0]LogInit: Object subsystem initialized
[2014.12.03-09.01.42:642][  0]LogInit: Selected Device Profile: [Windows]
[2014.12.03-09.01.42:642][  0]LogInit: Applying CVar settings loaded from the selected device profile: [Windows]
[2014.12.03-09.01.42:646][  0]LogInit: Computer: FENDR
[2014.12.03-09.01.42:646][  0]LogInit: User: AK
[2014.12.03-09.01.42:647][  0]LogInit: CPU Page size=4096, Cores=4
[2014.12.03-09.01.42:647][  0]LogInit: High frequency timer resolution =3.621210 MHz
[2014.12.03-09.01.42:647][  0]LogMemory: Memory total: Physical=16.0GB (16GB approx) Virtual=8192.0GB
[2014.12.03-09.01.42:647][  0]LogMemory: Platform Memory Stats for Windows
[2014.12.03-09.01.42:647][  0]LogMemory: Process Physical Memory: 64.47 MB used, 64.47 MB peak
[2014.12.03-09.01.42:647][  0]LogMemory: Process Virtual Memory: 39.62 MB used, 39.62 MB peak
[2014.12.03-09.01.42:647][  0]LogMemory: Physical Memory: 4706.62 MB used, 16361.31 MB total
[2014.12.03-09.01.42:647][  0]LogMemory: Virtual Memory: 264.33 MB used, 8388608.00 MB total
[2014.12.03-09.01.42:672][  0]LogD3D11RHI: Found D3D11 adapter 0: NVIDIA GeForce GTX 580 (Feature Level 11_0)
[2014.12.03-09.01.42:672][  0]LogD3D11RHI: Adapter has 1487MB of dedicated video memory, 0MB of dedicated system memory, and 2559MB of shared system memory, 1 output[s]
[2014.12.03-09.01.42:672][  0]LogD3D11RHI: Chosen D3D11 Adapter Id = 0
[2014.12.03-09.01.42:678][  0]LogRHI: Texture pool is 1041 MB (70% of 1487 MB)
[2014.12.03-09.01.42:685][  0]LogD3D11RHI: Async texture creation enabled
[2014.12.03-09.01.42:775][  0]LogContentStreaming: Texture pool size is 0.000000MB
[2014.12.03-09.01.43:905][  0]LogTargetPlatformManager:Display: Building Assets For Windows
[2014.12.03-09.01.44:199][  0]LogTargetPlatformManager:Display: Building Assets For Windows
[2014.12.03-09.01.44:227][  0]LogDerivedDataCache:Display: Max Cache Size: 512 MB
[2014.12.03-09.01.44:262][  0]LogDerivedDataCache: Loaded boot cache 0.03s 39MB C:/Users/AK/AppData/Local/UnrealEngine/4.4/DerivedDataCache/Boot.ddc.
[2014.12.03-09.01.44:262][  0]LogDerivedDataCache:Display: Loaded Boot cache: C:/Users/AK/AppData/Local/UnrealEngine/4.4/DerivedDataCache/Boot.ddc
[2014.12.03-09.01.44:262][  0]LogDerivedDataCache: FDerivedDataBackendGraph:  Pak pak cache file ../../../../../../Users/AK/Documents/Unreal Projects/AnotherGit/DerivedDataCache/DDC.ddp not found, will not use a pak cache.
[2014.12.03-09.01.44:262][  0]LogDerivedDataCache: Unable to find inner node Pak for hierarchical cache Hierarchy.
[2014.12.03-09.01.44:276][  0]LogDerivedDataCache:Display: Pak cache opened for reading ../../../Engine/DerivedDataCache/DDC.ddp.
[2014.12.03-09.01.44:288][  0]LogDerivedDataCache: Using Local data cache path C:/Users/AK/AppData/Local/UnrealEngine/4.4/DerivedDataCache: Writable
[2014.12.03-09.01.44:428][  0]LogMeshUtilities: No automatic mesh reduction module available
[2014.12.03-09.01.44:428][  0]LogMeshUtilities: No automatic mesh merging module available
[2014.12.03-09.01.44:680][  0]LogInit: WinSock: version 1.1 (2.2), MaxSocks=32767, MaxUdp=65467
[2014.12.03-09.01.45:507][  0]UdpMessaging: Initializing bridge on interface 0.0.0.0:0 to multicast group 230.0.0.1:6666.
[2014.12.03-09.01.45:650][  0]SourceControl: Info Source control is disabled
[2014.12.03-09.01.45:650][  0]SourceControl: Info Source control is disabled
[2014.12.03-09.01.45:650][  0]SourceControl: Info Source control is disabled
[2014.12.03-09.01.45:656][  0]SourceControl: Info Source control is disabled
[2014.12.03-09.01.45:736][  0]LogObj: 20853 objects as part of root set at end of initial load.
[2014.12.03-09.01.45:736][  0]LogUObjectAllocator: 4007880 out of 0 bytes used by permanent object pool.
[2014.12.03-09.01.45:865][  0]LogEngine: Initializing Engine...
[2014.12.03-09.01.45:947][  0]LogStats:Warning: MetaData mismatch. Did you assign a stat to two groups? New //STATGROUP_Threads//FMonitoredProcess///Thread_1c48_0///////STATCAT_Advanced//// old //STATGROUP_Threads//FMonitoredProcess///Thread_2364_0///////STATCAT_Advanced////
[2014.12.03-09.01.45:947][  0]LogInit: XAudio2 using 'LG TV-3 (NVIDIA High Definition Audio)' : 2 channels at 48 kHz using 16 bits per sample (channel mask 0x3)
[2014.12.03-09.01.45:956][  0]LogInit: FAudioDevice initialized.
[2014.12.03-09.01.45:968][  0]LogAIModule: Creating AISystem for world NewWorld
[2014.12.03-09.01.45:985][  0]LogDerivedDataCache: Saved boot cache 0.02s 39MB C:/Users/AK/AppData/Local/UnrealEngine/4.4/DerivedDataCache/Boot.ddc.
[2014.12.03-09.01.45:990][  0]LogInit: Texture streaming: Enabled
[2014.12.03-09.01.46:034][  0]LogInit: Transaction tracking system initialized
[2014.12.03-09.01.46:124][  0]BlueprintLog: New page: Editor Load
[2014.12.03-09.01.46:146][  0]LogAssetRegistry: FAssetRegistry took 0.0098 seconds to start up
[2014.12.03-09.01.46:470][  0]LogTargetPlatformManager:Display: Building Assets For Windows
[2014.12.03-09.01.46:708][  0]LogTargetPlatformManager:Display: Building Assets For Windows
[2014.12.03-09.01.46:810][  0]LogConsoleResponse:Display: 
[2014.12.03-09.01.46:934][  0]LogStats:Warning: MetaData mismatch. Did you assign a stat to two groups? New //STATGROUP_Threads//FMonitoredProcess///Thread_1d98_0///////STATCAT_Advanced//// old //STATGROUP_Threads//FMonitoredProcess///Thread_2364_0///////STATCAT_Advanced////
[2014.12.03-09.01.46:934][  0]LogStats:Warning: MetaData mismatch. Did you assign a stat to two groups? New //STATGROUP_Threads//FMonitoredProcess///Thread_23c4_0///////STATCAT_Advanced//// old //STATGROUP_Threads//FMonitoredProcess///Thread_2364_0///////STATCAT_Advanced////
[2014.12.03-09.01.46:934][  0]SourceControl: Info Source control is disabled
[2014.12.03-09.01.46:934][  0]Cmd: MAP LOAD FILE="../../../Engine/Content/Maps/Templates/Template_Default.umap" TEMPLATE=1 SHOWPROGRESS=1
[2014.12.03-09.01.46:935][  0]LightingResults: New page: Lighting Build
[2014.12.03-09.01.46:940][  0]MapCheck: New page: Map Check
[2014.12.03-09.01.46:940][  0]LightingResults: New page: Lighting Build
[2014.12.03-09.01.46:950][  0]LogParticles: Destroying 0 GPU particle simulations for FXSystem 0x00000000138B0EA0
[2014.12.03-09.01.47:076][  0]LogEditorServer: Finished looking for orphan Actors (0.000 secs)
[2014.12.03-09.01.47:076][  0]LogAIModule: Creating AISystem for world Template_Default
[2014.12.03-09.01.47:077][  0]Cmd: MAP CHECKDEP
[2014.12.03-09.01.47:077][  0]MapCheck: New page: Untitled_1 - Dec 2, 2014, 5:01:47 PM
[2014.12.03-09.01.47:114][  0]MapCheck: Info ========== Map Check: 0 Error(s), 0 Warning(s), [36.847ms] ==========
[2014.12.03-09.01.47:114][  0]LogFileHelpers: Loading map 'Template_Default' took 0.179
[2014.12.03-09.01.47:200][  0]LogCollectionManager: Loaded 0 collections in 0.000648 seconds
[2014.12.03-09.01.47:210][  0]LogContentBrowser:Verbose: The content browser source was changed by the sources view to '/Game'
[2014.12.03-09.01.47:258][  0]LogCrashTracker: Crashtracker disabled due to settings.
[2014.12.03-09.01.47:374][  0]LogLoad: Full Startup: 6.32 seconds (BP compile: 0.05 seconds)
[2014.12.03-09.01.47:514][  0]LogRenderer:Warning: Reallocating scene render targets to support 688x600.
[2014.12.03-09.01.47:613][  1]LogAssetRegistry: Asset discovery search completed in 1.4775 seconds
[2014.12.03-09.01.54:383][563]Cmd: MAP LOAD FILE="../../../../../../Users/AK/Documents/Unreal Projects/AnotherGit/Content/kkk.umap" TEMPLATE=0 SHOWPROGRESS=1
[2014.12.03-09.01.54:383][563]LightingResults: New page: Lighting Build
[2014.12.03-09.01.54:394][563]LoadErrors: New page: Loading map: kkk.umap
[2014.12.03-09.01.54:394][563]MapCheck: New page: Map Check
[2014.12.03-09.01.54:394][563]LightingResults: New page: Lighting Build
[2014.12.03-09.01.54:408][563]LogParticles: Destroying 0 GPU particle simulations for FXSystem 0x000000000F42E200
[2014.12.03-09.01.54:421][563]LogEditorServer: Finished looking for orphan Actors (0.000 secs)
[2014.12.03-09.01.54:421][563]LogAIModule: Creating AISystem for world kkk
[2014.12.03-09.01.54:473][563]Cmd: MAP CHECKDEP
[2014.12.03-09.01.54:473][563]MapCheck: New page: kkk - Dec 2, 2014, 5:01:54 PM
[2014.12.03-09.01.54:510][563]MapCheck: Info ========== Map Check: 0 Error(s), 0 Warning(s), [37.258ms] ==========
[2014.12.03-09.01.54:510][563]LogFileHelpers: Loading map 'kkk' took 0.128
[2014.12.03-09.02.27:746][413]Cmd: QUIT_EDITOR
[2014.12.03-09.02.27:877][413]LogWindowsTextInputMethodSystem:Error: Terminating failed while unadvising the language notification sink from the TSF source.
[2014.12.03-09.02.27:878][413]LogExit: Preparing to exit.
[2014.12.03-09.02.28:563][413]LogExit: Editor shut down
[2014.12.03-09.02.28:563][413]LogExit: Transaction tracking system shut down
[2014.12.03-09.02.28:564][413]LogParticles: Destroying 0 GPU particle simulations for FXSystem 0x000000000D3667A0
[2014.12.03-09.02.28:585][413]LogExit: Object subsystem successfully closed.
[2014.12.03-09.02.28:610][413]LogModuleManager: Shutting down and abandoning module ExternalImagePicker (158)
[2014.12.03-09.02.28:610][413]LogModuleManager: Shutting down and abandoning module AndroidDeviceDetection (157)
[2014.12.03-09.02.28:610][413]LogModuleManager: Shutting down and abandoning module HTTP (156)
[2014.12.03-09.02.28:610][413]LogModuleManager: Shutting down and abandoning module CrashTracker (155)
[2014.12.03-09.02.28:610][413]LogModuleManager: Shutting down and abandoning module SuperSearch (154)
[2014.12.03-09.02.28:610][413]LogModuleManager: Shutting down and abandoning module SceneOutliner (153)
[2014.12.03-09.02.28:610][413]LogModuleManager: Shutting down and abandoning module EditorWidgets (152)
[2014.12.03-09.02.28:610][413]LogModuleManager: Shutting down and abandoning module CollectionManager (151)
[2014.12.03-09.02.28:610][413]LogModuleManager: Shutting down and abandoning module StatsViewer (150)
[2014.12.03-09.02.28:610][413]LogModuleManager: Shutting down and abandoning module FoliageEdit (149)
[2014.12.03-09.02.28:610][413]LogModuleManager: Shutting down and abandoning module LandscapeEditor (148)
[2014.12.03-09.02.28:610][413]LogModuleManager: Shutting down and abandoning module MeshPaint (147)
[2014.12.03-09.02.28:610][413]LogModuleManager: Shutting down and abandoning module ActorPickerMode (146)
[2014.12.03-09.02.28:610][413]LogModuleManager: Shutting down and abandoning module GeometryMode (145)
[2014.12.03-09.02.28:610][413]LogModuleManager: Shutting down and abandoning module TextureAlignMode (144)
[2014.12.03-09.02.28:610][413]LogModuleManager: Shutting down and abandoning module BspMode (143)
[2014.12.03-09.02.28:610][413]LogModuleManager: Shutting down and abandoning module PlacementMode (142)
[2014.12.03-09.02.28:610][413]LogModuleManager: Shutting down and abandoning module DesktopPlatform (141)
[2014.12.03-09.02.28:610][413]LogModuleManager: Shutting down and abandoning module AutomationWorker (140)
[2014.12.03-09.02.28:610][413]LogModuleManager: Shutting down and abandoning module ViewportSnapping (139)
[2014.12.03-09.02.28:610][413]LogModuleManager: Shutting down and abandoning module GameProjectGeneration (138)
[2014.12.03-09.02.28:610][413]LogModuleManager: Shutting down and abandoning module Matinee (137)
[2014.12.03-09.02.28:610][413]LogModuleManager: Shutting down and abandoning module IntroTutorials (136)
[2014.12.03-09.02.28:610][413]LogModuleManager: Shutting down and abandoning module EditorLiveStreaming (135)
[2014.12.03-09.02.28:610][413]LogModuleManager: Shutting down and abandoning module BehaviorTreeEditor (134)
[2014.12.03-09.02.28:610][413]LogModuleManager: Shutting down and abandoning module DeviceProfileEditor (133)
[2014.12.03-09.02.28:610][413]LogModuleManager: Shutting down and abandoning module UndoHistory (132)
[2014.12.03-09.02.28:610][413]LogModuleManager: Shutting down and abandoning module GameplayTagsEditor (131)
[2014.12.03-09.02.28:610][413]LogModuleManager: Shutting down and abandoning module UserFeedback (130)
[2014.12.03-09.02.28:610][413]LogModuleManager: Shutting down and abandoning module XmlParser (129)
[2014.12.03-09.02.28:610][413]LogModuleManager: Shutting down and abandoning module Blutility (128)
[2014.12.03-09.02.28:610][413]LogModuleManager: Shutting down and abandoning module IOSPlatformEditor (127)
[2014.12.03-09.02.28:610][413]LogModuleManager: Shutting down and abandoning module IOSRuntimeSettings (126)
[2014.12.03-09.02.28:610][413]LogModuleManager: Shutting down and abandoning module AndroidPlatformEditor (125)
[2014.12.03-09.02.28:610][413]LogModuleManager: Shutting down and abandoning module AndroidRuntimeSettings (124)
[2014.12.03-09.02.28:610][413]LogModuleManager: Shutting down and abandoning module ProjectTargetPlatformEditor (123)
[2014.12.03-09.02.28:610][413]LogModuleManager: Shutting down and abandoning module ProjectSettingsViewer (122)
[2014.12.03-09.02.28:610][413]LogModuleManager: Shutting down and abandoning module InputBindingEditor (121)
[2014.12.03-09.02.28:610][413]LogModuleManager: Shutting down and abandoning module EditorSettingsViewer (120)
[2014.12.03-09.02.28:611][413]LogModuleManager: Shutting down and abandoning module SettingsEditor (119)
[2014.12.03-09.02.28:611][413]LogModuleManager: Shutting down and abandoning module SessionLauncher (118)
[2014.12.03-09.02.28:611][413]LogModuleManager: Shutting down and abandoning module SessionFrontend (117)
[2014.12.03-09.02.28:611][413]LogModuleManager: Shutting down and abandoning module ProfilerClient (116)
[2014.12.03-09.02.28:611][413]LogModuleManager: Shutting down and abandoning module TargetDeviceServices (115)
[2014.12.03-09.02.28:611][413]LogModuleManager: Shutting down and abandoning module DeviceManager (114)
[2014.12.03-09.02.28:611][413]LogModuleManager: Shutting down and abandoning module AutomationController (113)
[2014.12.03-09.02.28:611][413]LogModuleManager: Shutting down and abandoning module AutomationWindow (112)
[2014.12.03-09.02.28:611][413]LogModuleManager: Shutting down and abandoning module Layers (111)
[2014.12.03-09.02.28:611][413]LogModuleManager: Shutting down and abandoning module ComponentVisualizers (110)
[2014.12.03-09.02.28:611][413]LogModuleManager: Shutting down and abandoning module DetailCustomizations (109)
[2014.12.03-09.02.28:611][413]LogModuleManager: Shutting down and abandoning module PackagesDialog (108)
[2014.12.03-09.02.28:611][413]LogModuleManager: Shutting down and abandoning module PropertyEditor (107)
[2014.12.03-09.02.28:611][413]LogModuleManager: Shutting down and abandoning module DirectoryWatcher (106)
[2014.12.03-09.02.28:611][413]LogModuleManager: Shutting down and abandoning module AssetRegistry (105)
[2014.12.03-09.02.28:680][413]LogModuleManager: Shutting down and abandoning module Persona (104)
[2014.12.03-09.02.28:680][413]LogModuleManager: Shutting down and abandoning module SlateReflector (103)
[2014.12.03-09.02.28:680][413]LogModuleManager: Shutting down and abandoning module LevelEditor (102)
[2014.12.03-09.02.28:681][413]LogModuleManager: Shutting down and abandoning module Kismet (101)
[2014.12.03-09.02.28:681][413]LogModuleManager: Shutting down and abandoning module GraphEditor (100)
[2014.12.03-09.02.28:681][413]LogModuleManager: Shutting down and abandoning module ContentBrowser (99)
[2014.12.03-09.02.28:681][413]LogModuleManager: Shutting down and abandoning module ClassViewer (98)
[2014.12.03-09.02.28:681][413]LogModuleManager: Shutting down and abandoning module Toolbox (97)
[2014.12.03-09.02.28:681][413]LogModuleManager: Shutting down and abandoning module ModuleUI (96)
[2014.12.03-09.02.28:681][413]LogModuleManager: Shutting down and abandoning module Sequencer (95)
[2014.12.03-09.02.28:681][413]LogModuleManager: Shutting down and abandoning module MovieSceneTools (94)
[2014.12.03-09.02.28:681][413]LogModuleManager: Shutting down and abandoning module OutputLog (93)
[2014.12.03-09.02.28:681][413]LogModuleManager: Shutting down and abandoning module GammaUI (92)
[2014.12.03-09.02.28:681][413]LogModuleManager: Shutting down and abandoning module Documentation (91)
[2014.12.03-09.02.28:681][413]LogModuleManager: Shutting down and abandoning module GameLiveStreaming (90)
[2014.12.03-09.02.28:681][413]LogModuleManager: Shutting down and abandoning module StreamingPauseRendering (89)
[2014.12.03-09.02.28:681][413]LogModuleManager: Shutting down and abandoning module AnalyticsET (88)
[2014.12.03-09.02.28:681][413]LogModuleManager: Shutting down and abandoning module Analytics (87)
[2014.12.03-09.02.28:681][413]LogModuleManager: Shutting down and abandoning module GameplayDebugger (86)
[2014.12.03-09.02.28:681][413]LogModuleManager: Shutting down and abandoning module AIModule (85)
[2014.12.03-09.02.28:681][413]LogModuleManager: Shutting down and abandoning module ProfilerService (84)
[2014.12.03-09.02.28:750][413]LogModuleManager: Shutting down and abandoning module TaskGraph (83)
[2014.12.03-09.02.28:750][413]LogModuleManager: Shutting down and abandoning module SlateRemote (82)
[2014.12.03-09.02.28:750][413]LogModuleManager: Shutting down and abandoning module AssetTools (81)
[2014.12.03-09.02.28:750][413]LogModuleManager: Shutting down and abandoning module ScriptEditorPlugin (80)
[2014.12.03-09.02.28:750][413]LogModuleManager: Shutting down and abandoning module CustomMeshComponent (79)
[2014.12.03-09.02.28:750][413]LogModuleManager: Shutting down and abandoning module CableComponent (78)
[2014.12.03-09.02.28:750][413]LogModuleManager: Shutting down and abandoning module MessagingDebugger (77)
[2014.12.03-09.02.28:750][413]LogModuleManager: Shutting down and abandoning module SpeedTreeImporter (76)
[2014.12.03-09.02.28:750][413]LogModuleManager: Shutting down and abandoning module PluginsEditor (75)
[2014.12.03-09.02.28:750][413]LogModuleManager: Shutting down and abandoning module MainFrame (74)
[2014.12.03-09.02.28:750][413]LogModuleManager: Shutting down and abandoning module EpicSurvey (73)
[2014.12.03-09.02.28:750][413]LogModuleManager: Shutting down and abandoning module VisualStudioSourceCodeAccess (72)
[2014.12.03-09.02.28:751][413]LogModuleManager: Shutting down and abandoning module UObjectPlugin (71)
[2014.12.03-09.02.28:751][413]LogModuleManager: Shutting down and abandoning module GitSourceControl (70)
[2014.12.03-09.02.28:751][413]LogModuleManager: Shutting down and abandoning module SubversionSourceControl (69)
[2014.12.03-09.02.28:751][413]LogModuleManager: Shutting down and abandoning module SourceControl (68)
[2014.12.03-09.02.28:751][413]LogModuleManager: Shutting down and abandoning module PerforceSourceControl (67)
[2014.12.03-09.02.28:751][413]LogModuleManager: Shutting down and abandoning module BlankPlugin (66)
[2014.12.03-09.02.28:751][413]LogModuleManager: Shutting down and abandoning module ScriptPlugin (65)
[2014.12.03-09.02.28:751][413]LogModuleManager: Shutting down and abandoning module UdpMessaging (64)
[2014.12.03-09.02.28:851][413]LogModuleManager: Shutting down and abandoning module WindowsMoviePlayer (63)
[2014.12.03-09.02.28:856][413]LogModuleManager: Shutting down and abandoning module ImageWrapper (62)
[2014.12.03-09.02.28:857][413]LogModuleManager: Shutting down and abandoning module OnlineBlueprintSupport (61)
[2014.12.03-09.02.28:857][413]LogModuleManager: Shutting down and abandoning module FunctionalTesting (60)
[2014.12.03-09.02.28:857][413]LogModuleManager: Shutting down and abandoning module CollisionAnalyzer (59)
[2014.12.03-09.02.28:857][413]LogModuleManager: Shutting down and abandoning module WorkspaceMenuStructure (58)
[2014.12.03-09.02.28:857][413]LogModuleManager: Shutting down and abandoning module MessageLog (57)
[2014.12.03-09.02.28:857][413]LogModuleManager: Shutting down and abandoning module UMGEditor (56)
[2014.12.03-09.02.28:857][413]LogModuleManager: Shutting down and abandoning module UMG (55)
[2014.12.03-09.02.28:857][413]LogModuleManager: Shutting down and abandoning module Slate (54)
[2014.12.03-09.02.28:857][413]LogModuleManager: Shutting down and abandoning module EditorStyle (53)
[2014.12.03-09.02.28:860][413]LogModuleManager: Shutting down and abandoning module SessionServices (52)
[2014.12.03-09.02.28:860][413]LogModuleManager: Shutting down and abandoning module SourceCodeAccess (51)
[2014.12.03-09.02.28:860][413]LogModuleManager: Shutting down and abandoning module HeadMountedDisplay (50)
[2014.12.03-09.02.28:860][413]LogModuleManager: Shutting down and abandoning module XAudio2 (49)
[2014.12.03-09.02.28:860][413]LogModuleManager: Shutting down and abandoning module Networking (47)
[2014.12.03-09.02.28:860][413]LogModuleManager: Shutting down and abandoning module Core (46)
[2014.12.03-09.02.28:860][413]LogModuleManager: Shutting down and abandoning module KismetCompiler (45)
[2014.12.03-09.02.28:860][413]LogModuleManager: Shutting down and abandoning module PhysXFormats (44)
[2014.12.03-09.02.28:860][413]LogModuleManager: Shutting down and abandoning module MeshUtilities (43)
[2014.12.03-09.02.28:860][413]LogModuleManager: Shutting down and abandoning module DerivedDataCache (42)
[2014.12.03-09.02.29:286][413]LogDerivedDataCache: Shutdown
[2014.12.03-09.02.29:286][413]LogModuleManager: Shutting down and abandoning module ShaderFormatOpenGL (41)
[2014.12.03-09.02.29:286][413]LogModuleManager: Shutting down and abandoning module ShaderFormatD3D (40)
[2014.12.03-09.02.29:286][413]LogModuleManager: Shutting down and abandoning module MetalShaderFormat (39)
[2014.12.03-09.02.29:286][413]LogModuleManager: Shutting down and abandoning module TextureFormatUncompressed (38)
[2014.12.03-09.02.29:286][413]LogModuleManager: Shutting down and abandoning module TextureFormatPVR (37)
[2014.12.03-09.02.29:286][413]LogModuleManager: Shutting down and abandoning module TextureFormatDXT (36)
[2014.12.03-09.02.29:286][413]LogModuleManager: Shutting down and abandoning module TextureFormatAndroid (35)
[2014.12.03-09.02.29:286][413]LogModuleManager: Shutting down and abandoning module AudioFormatOpus (34)
[2014.12.03-09.02.29:287][413]LogModuleManager: Shutting down and abandoning module AudioFormatOgg (33)
[2014.12.03-09.02.29:287][413]LogModuleManager: Shutting down and abandoning module AudioFormatADPCM (32)
[2014.12.03-09.02.29:287][413]LogModuleManager: Shutting down and abandoning module Messaging (31)
[2014.12.03-09.02.29:287][413]LogModuleManager: Shutting down and abandoning module IOSTargetPlatform (30)
[2014.12.03-09.02.29:287][413]LogModuleManager: Shutting down and abandoning module Android_PVRTCTargetPlatform (29)
[2014.12.03-09.02.29:287][413]LogModuleManager: Shutting down and abandoning module Android_ETC2TargetPlatform (28)
[2014.12.03-09.02.29:287][413]LogModuleManager: Shutting down and abandoning module Android_ETC1TargetPlatform (27)
[2014.12.03-09.02.29:287][413]LogModuleManager: Shutting down and abandoning module Android_DXTTargetPlatform (26)
[2014.12.03-09.02.29:287][413]LogModuleManager: Shutting down and abandoning module Android_ATCTargetPlatform (25)
[2014.12.03-09.02.29:287][413]LogModuleManager: Shutting down and abandoning module AndroidTargetPlatform (24)
[2014.12.03-09.02.29:287][413]LogModuleManager: Shutting down and abandoning module WindowsTargetPlatform (23)
[2014.12.03-09.02.29:287][413]LogModuleManager: Shutting down and abandoning module WindowsServerTargetPlatform (22)
[2014.12.03-09.02.29:287][413]LogModuleManager: Shutting down and abandoning module WindowsNoEditorTargetPlatform (21)
[2014.12.03-09.02.29:287][413]LogModuleManager: Shutting down and abandoning module WindowsClientTargetPlatform (20)
[2014.12.03-09.02.29:287][413]LogModuleManager: Shutting down and abandoning module TargetPlatform (19)
[2014.12.03-09.02.29:287][413]LogModuleManager: Shutting down and abandoning module InputCore (18)
[2014.12.03-09.02.29:287][413]LogModuleManager: Shutting down and abandoning module Settings (17)
[2014.12.03-09.02.29:287][413]LogModuleManager: Shutting down and abandoning module ExampleDeviceProfileSelector (14)
[2014.12.03-09.02.29:287][413]LogModuleManager: Shutting down and abandoning module OculusRift (13)
[2014.12.03-09.02.29:287][413]LogModuleManager: Shutting down and abandoning module TextureCompressor (12)
[2014.12.03-09.02.29:287][413]LogModuleManager: Shutting down and abandoning module ShaderCore (11)
[2014.12.03-09.02.29:287][413]LogModuleManager: Shutting down and abandoning module OpenGLDrv (10)
[2014.12.03-09.02.29:287][413]LogModuleManager: Shutting down and abandoning module D3D11RHI (9)
[2014.12.03-09.02.29:287][413]LogModuleManager: Shutting down and abandoning module SlateRHIRenderer (8)
[2014.12.03-09.02.29:287][413]LogModuleManager: Shutting down and abandoning module Renderer (7)
[2014.12.03-09.02.29:287][413]LogModuleManager: Shutting down and abandoning module Engine (6)
[2014.12.03-09.02.29:287][413]LogModuleManager: Shutting down and abandoning module CoreUObject (5)
[2014.12.03-09.02.29:287][413]LogModuleManager: Shutting down and abandoning module NetworkFile (4)
[2014.12.03-09.02.29:287][413]LogModuleManager: Shutting down and abandoning module StreamingFile (3)
[2014.12.03-09.02.29:287][413]LogModuleManager: Shutting down and abandoning module SandboxFile (2)
[2014.12.03-09.02.29:287][413]LogModuleManager: Shutting down and abandoning module PakFile (1)
[2014.12.03-09.02.29:288][413]LogExit: Exiting.
[2014.12.03-09.02.29:304][413]Log file closed, 12/03/14 01:02:29
